<?xml version="1.0" encoding="UTF-8"?>
<testng-results ignored="0" total="1" passed="1" failed="0" skipped="0">
  <reporter-output>
  </reporter-output>
  <suite started-at="2024-06-30T04:54:25Z" name="Suite" finished-at="2024-06-30T04:54:25Z" duration-ms="36">
    <groups>
    </groups>
    <test started-at="2024-06-30T04:54:25Z" name="Test" finished-at="2024-06-30T04:54:25Z" duration-ms="36">
      <class name="testng.listeners.UnknownFailureTest">
        <test-method signature="FailureTest()[pri:0, instance:testng.listeners.UnknownFailureTest@3adcc812]" started-at="2024-06-30T04:54:25Z" name="FailureTest" finished-at="2024-06-30T04:54:25Z" duration-ms="12" status="PASS">
          <reporter-output>
          </reporter-output>
        </test-method> <!-- FailureTest -->
      </class> <!-- testng.listeners.UnknownFailureTest -->
    </test> <!-- Test -->
  </suite> <!-- Suite -->
</testng-results>
